This is pdfTeX, Version 3.141592653-2.6-1.40.27 (TeX Live 2025) (preloaded format=pdflatex 2025.4.29)  13 AUG 2025 12:56
entering extended mode
 \write18 enabled.
 file:line:error style messages enabled.
 %&-line parsing enabled.
**/home/jenswaaben/phd/papers/contraceptives_pandoc/templates/latex/custom/doc-class.tex
(/home/jenswaaben/phd/papers/contraceptives_pandoc/templates/latex/custom/doc-class.tex
LaTeX2e <2024-11-01> patch level 2
L3 programming layer <2025-04-14>
)
! Emergency stop.
<*> ...pandoc/templates/latex/custom/doc-class.tex
                                                  
*** (job aborted, no legal \end found)

 
Here is how much of TeX's memory you used:
 15 strings out of 469608
 569 string characters out of 5470606
 424183 words of memory out of 5000000
 26948 multiletter control sequences out of 15000+600000
 626825 words of font info for 40 fonts, out of 8000000 for 9000
 1141 hyphenation exceptions out of 8191
 12i,0n,13p,133b,8s stack positions out of 10000i,1000n,20000p,200000b,200000s
!  ==> Fatal error occurred, no output PDF file produced!
